<!DOCTYPE HTML PUBLIC "-//W3C//DTD HTML 4.01//EN" "http://www.w3.org/TR/html4/strict.dtd"><html>
  <head>
    <meta charset="utf-8"/>
    <title>Test Report</title>
    <link href="style.css" rel="stylesheet"/>
    <script src="jquery.js"></script>
    <script src="main.js"></script></head>
  <body>
    <p>Report generated on 16-Oct-2012 at 05:03:33 by pytest-mozwebqa 1.1</p>
    <h2>Configuration</h2>
    <table id="configuration">
      <tr>
        <td>Base URL</td>
        <td>https://support.allizom.org</td></tr>
      <tr>
        <td>Credentials</td>
        <td>../sumo-test-credentials.yaml</td></tr>
      <tr>
        <td>Driver</td>
        <td>firefox</td></tr>
      <tr>
        <td>Selenium API</td>
        <td>webdriver</td></tr>
      <tr>
        <td>Selenium Server</td>
        <td>http://localhost:4444</td></tr>
      <tr>
        <td>Timeout</td>
        <td>60</td></tr></table>
    <h2>Summary</h2>
    <p>11 tests ran in 114 seconds.<br/><span class="passed">3 passed</span>, <span class="skipped">21 skipped</span>, <span class="failed">7 failed</span>, <span class="error">0 errors</span>.<br/><span class="skipped">0 expected failures</span>, <span class="failed">1 unexpected passes</span>.</p>
    <h2>Results</h2>
    <table id="results-table">
      <thead id="results-table-head">
        <tr>
          <th class="sortable" col="result">Result</th>
          <th class="sortable" col="class">Class</th>
          <th class="sortable" col="name">Name</th>
          <th class="sortable numeric" col="duration">Duration</th>
          <th>Links</th></tr></thead>
      <tbody id="results-table-body">
        <tr class="passed results-table-row">
          <td class="col-result">Passed</td>
          <td class="col-class">tests.desktop.test_kb_article.TestKnowledgeBaseArticle</td>
          <td class="col-name">test_view_helpfulness_chart</td>
          <td class="col-duration">12.0</td>
          <td class="col-links"></td>
          <td class="debug"></td></tr>
        <tr class="passed results-table-row">
          <td class="col-result">Passed</td>
          <td class="col-class">tests.desktop.test_login_logout.TestLoginLogout</td>
          <td class="col-name">test_login</td>
          <td class="col-duration">5.0</td>
          <td class="col-links"></td>
          <td class="debug"></td></tr>
        <tr class="failed results-table-row">
          <td class="col-result">Failed</td>
          <td class="col-class">tests.desktop.test_login_logout.TestLoginLogout</td>
          <td class="col-name">test_logout_from_pages[home_page]</td>
          <td class="col-duration">4.0</td>
          <td class="col-links"><a href="debug/tests_desktop_test_login_logout_TestLoginLogout/test_logout_from_pages[home_page]/html.txt">HTML</a> <a href="https://support.allizom.org/en-US/home">Failing URL</a> <a href="debug/tests_desktop_test_login_logout_TestLoginLogout/test_logout_from_pages[home_page]/screenshot.png">Screenshot</a> </td>
          <td class="debug">
            <div class="screenshot"><a href="debug/tests_desktop_test_login_logout_TestLoginLogout/test_logout_from_pages[home_page]/screenshot.png"><img src="debug/tests_desktop_test_login_logout_TestLoginLogout/test_logout_from_pages[home_page]/screenshot.png"/></a></div>
            <div class="log">self = &lt;tests.desktop.test_login_logout.TestLoginLogout instance at 0x364c0e0&gt;, mozwebqa = &lt;pytest_mozwebqa.pytest_mozwebqa.TestSetup instance at 0x35e13b0&gt;<br/>page_method = 'home_page'<br/><br/>    @pytest.mark.native<br/>    @pytest.mark.nondestructive<br/>    @pytest.mark.parametrize('page_method', ['home_page',<br/>                                             'new_question_page',<br/>                                             'questions_page',<br/>                                             'search_page',<br/>                                             'refine_search_page',<br/>                                             ])<br/>    def test_logout_from_pages(self, mozwebqa, page_method):<br/>        page_under_test = getattr(PageProvider(mozwebqa), page_method)(do_login=True, user='default')<br/>        Assert.true(page_under_test.header.is_user_logged_in, 'User not shown to be logged in')<br/>    <br/>        # sign out<br/>        signed_in_element = page_under_test.header.get_logged_in_element()<br/>&gt;       home_page = page_under_test.sign_out()<br/><br/>tests/desktop/test_login_logout.py:71: <br/>_ _ _ _ _ _ _ _ _ _ _ _ _ _ _ _ _ _ _ _ _ _ _ _ _ _ _ _ _ _ _ _ _ _ _ _ _ _ _ _ <br/><br/>self = &lt;pages.desktop.support_home_page.SupportHomePage object at 0x3652f50&gt;<br/><br/>    def sign_out(self):<br/>&gt;       self.header.click_logout()<br/><br/>pages/desktop/base.py:23: <br/>_ _ _ _ _ _ _ _ _ _ _ _ _ _ _ _ _ _ _ _ _ _ _ _ _ _ _ _ _ _ _ _ _ _ _ _ _ _ _ _ <br/><br/>self = &lt;pages.desktop.base.HeaderRegion object at 0x33e2b90&gt;<br/><br/>    def click_logout(self):<br/>        ActionChains(self.selenium).move_to_element(<br/>                self.selenium.find_element(*self._account_dropdown_locator)<br/>            ).move_to_element(<br/>&gt;               self.selenium.find_element(*self._logout_locator)<br/><br/>pages/desktop/base.py:65: <br/>_ _ _ _ _ _ _ _ _ _ _ _ _ _ _ _ _ _ _ _ _ _ _ _ _ _ _ _ _ _ _ _ _ _ _ _ _ _ _ _ <br/><br/>self = &lt;selenium.webdriver.common.action_chains.ActionChains object at 0x36523d0&gt;<br/><br/>    def perform(self):<br/>        """<br/>            Performs all stored actions.<br/>            """<br/>        for action in self._actions:<br/>&gt;           action()<br/><br/>/usr/local/lib/python2.7/dist-packages/selenium-2.25.0-py2.7.egg/selenium/webdriver/common/action_chains.py:44: <br/>_ _ _ _ _ _ _ _ _ _ _ _ _ _ _ _ _ _ _ _ _ _ _ _ _ _ _ _ _ _ _ _ _ _ _ _ _ _ _ _ <br/><br/>    self._actions.append(lambda:<br/>&gt;       self._driver.execute(Command.CLICK, {'button': 0}))<br/><br/>/usr/local/lib/python2.7/dist-packages/selenium-2.25.0-py2.7.egg/selenium/webdriver/common/action_chains.py:56: <br/>_ _ _ _ _ _ _ _ _ _ _ _ _ _ _ _ _ _ _ _ _ _ _ _ _ _ _ _ _ _ _ _ _ _ _ _ _ _ _ _ <br/><br/>self = &lt;selenium.webdriver.firefox.webdriver.WebDriver object at 0x3658950&gt;, driver_command = 'mouseClick'<br/>params = {'button': 0, 'sessionId': u'1aa5f94d-8aec-48c4-90c2-0d9860a9c550'}<br/><br/>    def execute(self, driver_command, params=None):<br/>        """<br/>            Sends a command to be executed by a command.CommandExecutor.<br/>    <br/>            :Args:<br/>             - driver_command: The name of the command to execute as a string.<br/>             - params: A dictionary of named parameters to send with the command.<br/>    <br/>            :Returns:<br/>              The command's JSON response loaded into a dictionary object.<br/>            """<br/>        if not params:<br/>            params = {'sessionId': self.session_id}<br/>        elif 'sessionId' not in params:<br/>            params['sessionId'] = self.session_id<br/>    <br/>        params = self._wrap_value(params)<br/>        response = self.command_executor.execute(driver_command, params)<br/>        if response:<br/>&gt;           self.error_handler.check_response(response)<br/><br/>/usr/local/lib/python2.7/dist-packages/selenium-2.25.0-py2.7.egg/selenium/webdriver/remote/webdriver.py:156: <br/>_ _ _ _ _ _ _ _ _ _ _ _ _ _ _ _ _ _ _ _ _ _ _ _ _ _ _ _ _ _ _ _ _ _ _ _ _ _ _ _ <br/><br/>self = &lt;selenium.webdriver.remote.errorhandler.ErrorHandler object at 0x3652450&gt;<br/>response = {u'name': u'mouseClick', u'sessionId': u'1aa5f94d-8aec-48c4-90c2-0d9860a9c550', u'status': 11, u'value': {u'message': u'Element is not currently visible and so may not be interacted with'}}<br/><br/>    def check_response(self, response):<br/>        """<br/>            Checks that a JSON response from the WebDriver does not have an error.<br/>    <br/>            :Args:<br/>             - response - The JSON response from the WebDriver server as a dictionary<br/>               object.<br/>    <br/>            :Raises: If the response contains an error message.<br/>            """<br/>        status = response['status']<br/>        if status == ErrorCode.SUCCESS:<br/>            return<br/>        exception_class = ErrorInResponseException<br/>        if status == ErrorCode.NO_SUCH_ELEMENT:<br/>            exception_class = NoSuchElementException<br/>        elif status == ErrorCode.NO_SUCH_FRAME:<br/>            exception_class = NoSuchFrameException<br/>        elif status == ErrorCode.NO_SUCH_WINDOW:<br/>            exception_class = NoSuchWindowException<br/>        elif status == ErrorCode.STALE_ELEMENT_REFERENCE:<br/>            exception_class = StaleElementReferenceException<br/>        elif status == ErrorCode.ELEMENT_NOT_VISIBLE:<br/>            exception_class = ElementNotVisibleException<br/>        elif status == ErrorCode.INVALID_ELEMENT_STATE:<br/>            exception_class = InvalidElementStateException<br/>        elif status == ErrorCode.INVALID_SELECTOR \<br/>                or status == ErrorCode.INVALID_XPATH_SELECTOR \<br/>                or status == ErrorCode.INVALID_XPATH_SELECTOR_RETURN_TYPER:<br/>            exception_class = InvalidSelectorException<br/>        elif status == ErrorCode.ELEMENT_IS_NOT_SELECTABLE:<br/>            exception_class = ElementNotSelectableException<br/>        elif status == ErrorCode.INVALID_COOKIE_DOMAIN:<br/>            exception_class = WebDriverException<br/>        elif status == ErrorCode.UNABLE_TO_SET_COOKIE:<br/>            exception_class = WebDriverException<br/>        elif status == ErrorCode.TIMEOUT:<br/>            exception_class = TimeoutException<br/>        elif status == ErrorCode.SCRIPT_TIMEOUT:<br/>            exception_class = TimeoutException<br/>        elif status == ErrorCode.UNKNOWN_ERROR:<br/>            exception_class = WebDriverException<br/>        elif status == ErrorCode.NO_ALERT_OPEN:<br/>            exception_class = NoAlertPresentException<br/>        elif status == ErrorCode.IME_NOT_AVAILABLE:<br/>            exception_class = ImeNotAvailableException<br/>        elif status == ErrorCode.IME_ENGINE_ACTIVATION_FAILED:<br/>            exception_class = ImeActivationFailedException<br/>        else:<br/>            exception_class = WebDriverException<br/>        value = response['value']<br/>        if type(value) is str:<br/>            if exception_class == ErrorInResponseException:<br/>                raise exception_class(response, value)<br/>            raise exception_class(value)<br/>        message = ''<br/>        if 'message' in value:<br/>            message = value['message']<br/>    <br/>        screen = None<br/>        if 'screen' in value:<br/>            screen = value['screen']<br/>    <br/>        stacktrace = None<br/>        if 'stackTrace' in value and value['stackTrace']:<br/>            zeroeth = ''<br/>            try:<br/>                zeroeth = value['stackTrace'][0]<br/>            except:<br/>                pass<br/>            if zeroeth.has_key('methodName'):<br/>                stacktrace = "Method %s threw an error in %s" % \<br/>                    (zeroeth['methodName'],<br/>                    self._value_or_default(zeroeth, 'fileName', '[No file name]'))<br/>        if exception_class == ErrorInResponseException:<br/>            raise exception_class(response, message)<br/>&gt;       raise exception_class(message, screen, stacktrace)<br/><span class="error">E       ElementNotVisibleException: Message: u'Element is not currently visible and so may not be interacted with'</span><br/><br/>/usr/local/lib/python2.7/dist-packages/selenium-2.25.0-py2.7.egg/selenium/webdriver/remote/errorhandler.py:147: ElementNotVisibleException<br/></div></td></tr>
        <tr class="failed results-table-row">
          <td class="col-result">Failed</td>
          <td class="col-class">tests.desktop.test_login_logout.TestLoginLogout</td>
          <td class="col-name">test_logout_from_pages[new_question_page]</td>
          <td class="col-duration">4.0</td>
          <td class="col-links"><a href="debug/tests_desktop_test_login_logout_TestLoginLogout/test_logout_from_pages[new_question_page]/html.txt">HTML</a> <a href="https://support.allizom.org/en-US/questions/new">Failing URL</a> <a href="debug/tests_desktop_test_login_logout_TestLoginLogout/test_logout_from_pages[new_question_page]/screenshot.png">Screenshot</a> </td>
          <td class="debug">
            <div class="screenshot"><a href="debug/tests_desktop_test_login_logout_TestLoginLogout/test_logout_from_pages[new_question_page]/screenshot.png"><img src="debug/tests_desktop_test_login_logout_TestLoginLogout/test_logout_from_pages[new_question_page]/screenshot.png"/></a></div>
            <div class="log">self = &lt;tests.desktop.test_login_logout.TestLoginLogout instance at 0x36ff368&gt;, mozwebqa = &lt;pytest_mozwebqa.pytest_mozwebqa.TestSetup instance at 0x3700758&gt;<br/>page_method = 'new_question_page'<br/><br/>    @pytest.mark.native<br/>    @pytest.mark.nondestructive<br/>    @pytest.mark.parametrize('page_method', ['home_page',<br/>                                             'new_question_page',<br/>                                             'questions_page',<br/>                                             'search_page',<br/>                                             'refine_search_page',<br/>                                             ])<br/>    def test_logout_from_pages(self, mozwebqa, page_method):<br/>        page_under_test = getattr(PageProvider(mozwebqa), page_method)(do_login=True, user='default')<br/>        Assert.true(page_under_test.header.is_user_logged_in, 'User not shown to be logged in')<br/>    <br/>        # sign out<br/>        signed_in_element = page_under_test.header.get_logged_in_element()<br/>&gt;       home_page = page_under_test.sign_out()<br/><br/>tests/desktop/test_login_logout.py:71: <br/>_ _ _ _ _ _ _ _ _ _ _ _ _ _ _ _ _ _ _ _ _ _ _ _ _ _ _ _ _ _ _ _ _ _ _ _ _ _ _ _ <br/><br/>self = &lt;pages.desktop.questions_page.AskNewQuestionsPage object at 0x3704b90&gt;<br/><br/>    def sign_out(self):<br/>&gt;       self.header.click_logout()<br/><br/>pages/desktop/base.py:23: <br/>_ _ _ _ _ _ _ _ _ _ _ _ _ _ _ _ _ _ _ _ _ _ _ _ _ _ _ _ _ _ _ _ _ _ _ _ _ _ _ _ <br/><br/>self = &lt;pages.desktop.base.HeaderRegion object at 0x3681150&gt;<br/><br/>    def click_logout(self):<br/>        ActionChains(self.selenium).move_to_element(<br/>                self.selenium.find_element(*self._account_dropdown_locator)<br/>            ).move_to_element(<br/>&gt;               self.selenium.find_element(*self._logout_locator)<br/><br/>pages/desktop/base.py:65: <br/>_ _ _ _ _ _ _ _ _ _ _ _ _ _ _ _ _ _ _ _ _ _ _ _ _ _ _ _ _ _ _ _ _ _ _ _ _ _ _ _ <br/><br/>self = &lt;selenium.webdriver.common.action_chains.ActionChains object at 0x33e2b50&gt;<br/><br/>    def perform(self):<br/>        """<br/>            Performs all stored actions.<br/>            """<br/>        for action in self._actions:<br/>&gt;           action()<br/><br/>/usr/local/lib/python2.7/dist-packages/selenium-2.25.0-py2.7.egg/selenium/webdriver/common/action_chains.py:44: <br/>_ _ _ _ _ _ _ _ _ _ _ _ _ _ _ _ _ _ _ _ _ _ _ _ _ _ _ _ _ _ _ _ _ _ _ _ _ _ _ _ <br/><br/>    self._actions.append(lambda:<br/>&gt;       self._driver.execute(Command.CLICK, {'button': 0}))<br/><br/>/usr/local/lib/python2.7/dist-packages/selenium-2.25.0-py2.7.egg/selenium/webdriver/common/action_chains.py:56: <br/>_ _ _ _ _ _ _ _ _ _ _ _ _ _ _ _ _ _ _ _ _ _ _ _ _ _ _ _ _ _ _ _ _ _ _ _ _ _ _ _ <br/><br/>self = &lt;selenium.webdriver.firefox.webdriver.WebDriver object at 0x3658c50&gt;, driver_command = 'mouseClick'<br/>params = {'button': 0, 'sessionId': u'328056eb-5fb6-4a43-b336-bd45c5aa98a0'}<br/><br/>    def execute(self, driver_command, params=None):<br/>        """<br/>            Sends a command to be executed by a command.CommandExecutor.<br/>    <br/>            :Args:<br/>             - driver_command: The name of the command to execute as a string.<br/>             - params: A dictionary of named parameters to send with the command.<br/>    <br/>            :Returns:<br/>              The command's JSON response loaded into a dictionary object.<br/>            """<br/>        if not params:<br/>            params = {'sessionId': self.session_id}<br/>        elif 'sessionId' not in params:<br/>            params['sessionId'] = self.session_id<br/>    <br/>        params = self._wrap_value(params)<br/>        response = self.command_executor.execute(driver_command, params)<br/>        if response:<br/>&gt;           self.error_handler.check_response(response)<br/><br/>/usr/local/lib/python2.7/dist-packages/selenium-2.25.0-py2.7.egg/selenium/webdriver/remote/webdriver.py:156: <br/>_ _ _ _ _ _ _ _ _ _ _ _ _ _ _ _ _ _ _ _ _ _ _ _ _ _ _ _ _ _ _ _ _ _ _ _ _ _ _ _ <br/><br/>self = &lt;selenium.webdriver.remote.errorhandler.ErrorHandler object at 0x36fa910&gt;<br/>response = {u'name': u'mouseClick', u'sessionId': u'328056eb-5fb6-4a43-b336-bd45c5aa98a0', u'status': 11, u'value': {u'message': u'Element is not currently visible and so may not be interacted with'}}<br/><br/>    def check_response(self, response):<br/>        """<br/>            Checks that a JSON response from the WebDriver does not have an error.<br/>    <br/>            :Args:<br/>             - response - The JSON response from the WebDriver server as a dictionary<br/>               object.<br/>    <br/>            :Raises: If the response contains an error message.<br/>            """<br/>        status = response['status']<br/>        if status == ErrorCode.SUCCESS:<br/>            return<br/>        exception_class = ErrorInResponseException<br/>        if status == ErrorCode.NO_SUCH_ELEMENT:<br/>            exception_class = NoSuchElementException<br/>        elif status == ErrorCode.NO_SUCH_FRAME:<br/>            exception_class = NoSuchFrameException<br/>        elif status == ErrorCode.NO_SUCH_WINDOW:<br/>            exception_class = NoSuchWindowException<br/>        elif status == ErrorCode.STALE_ELEMENT_REFERENCE:<br/>            exception_class = StaleElementReferenceException<br/>        elif status == ErrorCode.ELEMENT_NOT_VISIBLE:<br/>            exception_class = ElementNotVisibleException<br/>        elif status == ErrorCode.INVALID_ELEMENT_STATE:<br/>            exception_class = InvalidElementStateException<br/>        elif status == ErrorCode.INVALID_SELECTOR \<br/>                or status == ErrorCode.INVALID_XPATH_SELECTOR \<br/>                or status == ErrorCode.INVALID_XPATH_SELECTOR_RETURN_TYPER:<br/>            exception_class = InvalidSelectorException<br/>        elif status == ErrorCode.ELEMENT_IS_NOT_SELECTABLE:<br/>            exception_class = ElementNotSelectableException<br/>        elif status == ErrorCode.INVALID_COOKIE_DOMAIN:<br/>            exception_class = WebDriverException<br/>        elif status == ErrorCode.UNABLE_TO_SET_COOKIE:<br/>            exception_class = WebDriverException<br/>        elif status == ErrorCode.TIMEOUT:<br/>            exception_class = TimeoutException<br/>        elif status == ErrorCode.SCRIPT_TIMEOUT:<br/>            exception_class = TimeoutException<br/>        elif status == ErrorCode.UNKNOWN_ERROR:<br/>            exception_class = WebDriverException<br/>        elif status == ErrorCode.NO_ALERT_OPEN:<br/>            exception_class = NoAlertPresentException<br/>        elif status == ErrorCode.IME_NOT_AVAILABLE:<br/>            exception_class = ImeNotAvailableException<br/>        elif status == ErrorCode.IME_ENGINE_ACTIVATION_FAILED:<br/>            exception_class = ImeActivationFailedException<br/>        else:<br/>            exception_class = WebDriverException<br/>        value = response['value']<br/>        if type(value) is str:<br/>            if exception_class == ErrorInResponseException:<br/>                raise exception_class(response, value)<br/>            raise exception_class(value)<br/>        message = ''<br/>        if 'message' in value:<br/>            message = value['message']<br/>    <br/>        screen = None<br/>        if 'screen' in value:<br/>            screen = value['screen']<br/>    <br/>        stacktrace = None<br/>        if 'stackTrace' in value and value['stackTrace']:<br/>            zeroeth = ''<br/>            try:<br/>                zeroeth = value['stackTrace'][0]<br/>            except:<br/>                pass<br/>            if zeroeth.has_key('methodName'):<br/>                stacktrace = "Method %s threw an error in %s" % \<br/>                    (zeroeth['methodName'],<br/>                    self._value_or_default(zeroeth, 'fileName', '[No file name]'))<br/>        if exception_class == ErrorInResponseException:<br/>            raise exception_class(response, message)<br/>&gt;       raise exception_class(message, screen, stacktrace)<br/><span class="error">E       ElementNotVisibleException: Message: u'Element is not currently visible and so may not be interacted with'</span><br/><br/>/usr/local/lib/python2.7/dist-packages/selenium-2.25.0-py2.7.egg/selenium/webdriver/remote/errorhandler.py:147: ElementNotVisibleException<br/></div></td></tr>
        <tr class="failed results-table-row">
          <td class="col-result">Failed</td>
          <td class="col-class">tests.desktop.test_login_logout.TestLoginLogout</td>
          <td class="col-name">test_logout_from_pages[questions_page]</td>
          <td class="col-duration">5.0</td>
          <td class="col-links"><a href="debug/tests_desktop_test_login_logout_TestLoginLogout/test_logout_from_pages[questions_page]/html.txt">HTML</a> <a href="https://support.allizom.org/en-US/questions">Failing URL</a> <a href="debug/tests_desktop_test_login_logout_TestLoginLogout/test_logout_from_pages[questions_page]/screenshot.png">Screenshot</a> </td>
          <td class="debug">
            <div class="screenshot"><a href="debug/tests_desktop_test_login_logout_TestLoginLogout/test_logout_from_pages[questions_page]/screenshot.png"><img src="debug/tests_desktop_test_login_logout_TestLoginLogout/test_logout_from_pages[questions_page]/screenshot.png"/></a></div>
            <div class="log">self = &lt;tests.desktop.test_login_logout.TestLoginLogout instance at 0x36835f0&gt;, mozwebqa = &lt;pytest_mozwebqa.pytest_mozwebqa.TestSetup instance at 0x3687c20&gt;<br/>page_method = 'questions_page'<br/><br/>    @pytest.mark.native<br/>    @pytest.mark.nondestructive<br/>    @pytest.mark.parametrize('page_method', ['home_page',<br/>                                             'new_question_page',<br/>                                             'questions_page',<br/>                                             'search_page',<br/>                                             'refine_search_page',<br/>                                             ])<br/>    def test_logout_from_pages(self, mozwebqa, page_method):<br/>        page_under_test = getattr(PageProvider(mozwebqa), page_method)(do_login=True, user='default')<br/>        Assert.true(page_under_test.header.is_user_logged_in, 'User not shown to be logged in')<br/>    <br/>        # sign out<br/>        signed_in_element = page_under_test.header.get_logged_in_element()<br/>&gt;       home_page = page_under_test.sign_out()<br/><br/>tests/desktop/test_login_logout.py:71: <br/>_ _ _ _ _ _ _ _ _ _ _ _ _ _ _ _ _ _ _ _ _ _ _ _ _ _ _ _ _ _ _ _ _ _ _ _ _ _ _ _ <br/><br/>self = &lt;pages.desktop.questions_page.QuestionsPage object at 0x3718750&gt;<br/><br/>    def sign_out(self):<br/>&gt;       self.header.click_logout()<br/><br/>pages/desktop/base.py:23: <br/>_ _ _ _ _ _ _ _ _ _ _ _ _ _ _ _ _ _ _ _ _ _ _ _ _ _ _ _ _ _ _ _ _ _ _ _ _ _ _ _ <br/><br/>self = &lt;pages.desktop.base.HeaderRegion object at 0x3718650&gt;<br/><br/>    def click_logout(self):<br/>        ActionChains(self.selenium).move_to_element(<br/>                self.selenium.find_element(*self._account_dropdown_locator)<br/>            ).move_to_element(<br/>&gt;               self.selenium.find_element(*self._logout_locator)<br/><br/>pages/desktop/base.py:65: <br/>_ _ _ _ _ _ _ _ _ _ _ _ _ _ _ _ _ _ _ _ _ _ _ _ _ _ _ _ _ _ _ _ _ _ _ _ _ _ _ _ <br/><br/>self = &lt;selenium.webdriver.common.action_chains.ActionChains object at 0x37184d0&gt;<br/><br/>    def perform(self):<br/>        """<br/>            Performs all stored actions.<br/>            """<br/>        for action in self._actions:<br/>&gt;           action()<br/><br/>/usr/local/lib/python2.7/dist-packages/selenium-2.25.0-py2.7.egg/selenium/webdriver/common/action_chains.py:44: <br/>_ _ _ _ _ _ _ _ _ _ _ _ _ _ _ _ _ _ _ _ _ _ _ _ _ _ _ _ _ _ _ _ _ _ _ _ _ _ _ _ <br/><br/>    self._actions.append(lambda:<br/>&gt;       self._driver.execute(Command.CLICK, {'button': 0}))<br/><br/>/usr/local/lib/python2.7/dist-packages/selenium-2.25.0-py2.7.egg/selenium/webdriver/common/action_chains.py:56: <br/>_ _ _ _ _ _ _ _ _ _ _ _ _ _ _ _ _ _ _ _ _ _ _ _ _ _ _ _ _ _ _ _ _ _ _ _ _ _ _ _ <br/><br/>self = &lt;selenium.webdriver.firefox.webdriver.WebDriver object at 0x3718610&gt;, driver_command = 'mouseClick'<br/>params = {'button': 0, 'sessionId': u'ab6c74f4-cbc5-49f8-a5dc-7f7877a7b451'}<br/><br/>    def execute(self, driver_command, params=None):<br/>        """<br/>            Sends a command to be executed by a command.CommandExecutor.<br/>    <br/>            :Args:<br/>             - driver_command: The name of the command to execute as a string.<br/>             - params: A dictionary of named parameters to send with the command.<br/>    <br/>            :Returns:<br/>              The command's JSON response loaded into a dictionary object.<br/>            """<br/>        if not params:<br/>            params = {'sessionId': self.session_id}<br/>        elif 'sessionId' not in params:<br/>            params['sessionId'] = self.session_id<br/>    <br/>        params = self._wrap_value(params)<br/>        response = self.command_executor.execute(driver_command, params)<br/>        if response:<br/>&gt;           self.error_handler.check_response(response)<br/><br/>/usr/local/lib/python2.7/dist-packages/selenium-2.25.0-py2.7.egg/selenium/webdriver/remote/webdriver.py:156: <br/>_ _ _ _ _ _ _ _ _ _ _ _ _ _ _ _ _ _ _ _ _ _ _ _ _ _ _ _ _ _ _ _ _ _ _ _ _ _ _ _ <br/><br/>self = &lt;selenium.webdriver.remote.errorhandler.ErrorHandler object at 0x3718790&gt;<br/>response = {u'name': u'mouseClick', u'sessionId': u'ab6c74f4-cbc5-49f8-a5dc-7f7877a7b451', u'status': 11, u'value': {u'message': u'Element is not currently visible and so may not be interacted with'}}<br/><br/>    def check_response(self, response):<br/>        """<br/>            Checks that a JSON response from the WebDriver does not have an error.<br/>    <br/>            :Args:<br/>             - response - The JSON response from the WebDriver server as a dictionary<br/>               object.<br/>    <br/>            :Raises: If the response contains an error message.<br/>            """<br/>        status = response['status']<br/>        if status == ErrorCode.SUCCESS:<br/>            return<br/>        exception_class = ErrorInResponseException<br/>        if status == ErrorCode.NO_SUCH_ELEMENT:<br/>            exception_class = NoSuchElementException<br/>        elif status == ErrorCode.NO_SUCH_FRAME:<br/>            exception_class = NoSuchFrameException<br/>        elif status == ErrorCode.NO_SUCH_WINDOW:<br/>            exception_class = NoSuchWindowException<br/>        elif status == ErrorCode.STALE_ELEMENT_REFERENCE:<br/>            exception_class = StaleElementReferenceException<br/>        elif status == ErrorCode.ELEMENT_NOT_VISIBLE:<br/>            exception_class = ElementNotVisibleException<br/>        elif status == ErrorCode.INVALID_ELEMENT_STATE:<br/>            exception_class = InvalidElementStateException<br/>        elif status == ErrorCode.INVALID_SELECTOR \<br/>                or status == ErrorCode.INVALID_XPATH_SELECTOR \<br/>                or status == ErrorCode.INVALID_XPATH_SELECTOR_RETURN_TYPER:<br/>            exception_class = InvalidSelectorException<br/>        elif status == ErrorCode.ELEMENT_IS_NOT_SELECTABLE:<br/>            exception_class = ElementNotSelectableException<br/>        elif status == ErrorCode.INVALID_COOKIE_DOMAIN:<br/>            exception_class = WebDriverException<br/>        elif status == ErrorCode.UNABLE_TO_SET_COOKIE:<br/>            exception_class = WebDriverException<br/>        elif status == ErrorCode.TIMEOUT:<br/>            exception_class = TimeoutException<br/>        elif status == ErrorCode.SCRIPT_TIMEOUT:<br/>            exception_class = TimeoutException<br/>        elif status == ErrorCode.UNKNOWN_ERROR:<br/>            exception_class = WebDriverException<br/>        elif status == ErrorCode.NO_ALERT_OPEN:<br/>            exception_class = NoAlertPresentException<br/>        elif status == ErrorCode.IME_NOT_AVAILABLE:<br/>            exception_class = ImeNotAvailableException<br/>        elif status == ErrorCode.IME_ENGINE_ACTIVATION_FAILED:<br/>            exception_class = ImeActivationFailedException<br/>        else:<br/>            exception_class = WebDriverException<br/>        value = response['value']<br/>        if type(value) is str:<br/>            if exception_class == ErrorInResponseException:<br/>                raise exception_class(response, value)<br/>            raise exception_class(value)<br/>        message = ''<br/>        if 'message' in value:<br/>            message = value['message']<br/>    <br/>        screen = None<br/>        if 'screen' in value:<br/>            screen = value['screen']<br/>    <br/>        stacktrace = None<br/>        if 'stackTrace' in value and value['stackTrace']:<br/>            zeroeth = ''<br/>            try:<br/>                zeroeth = value['stackTrace'][0]<br/>            except:<br/>                pass<br/>            if zeroeth.has_key('methodName'):<br/>                stacktrace = "Method %s threw an error in %s" % \<br/>                    (zeroeth['methodName'],<br/>                    self._value_or_default(zeroeth, 'fileName', '[No file name]'))<br/>        if exception_class == ErrorInResponseException:<br/>            raise exception_class(response, message)<br/>&gt;       raise exception_class(message, screen, stacktrace)<br/><span class="error">E       ElementNotVisibleException: Message: u'Element is not currently visible and so may not be interacted with'</span><br/><br/>/usr/local/lib/python2.7/dist-packages/selenium-2.25.0-py2.7.egg/selenium/webdriver/remote/errorhandler.py:147: ElementNotVisibleException<br/></div></td></tr>
        <tr class="failed results-table-row">
          <td class="col-result">Failed</td>
          <td class="col-class">tests.desktop.test_login_logout.TestLoginLogout</td>
          <td class="col-name">test_logout_from_pages[search_page]</td>
          <td class="col-duration">4.0</td>
          <td class="col-links"><a href="debug/tests_desktop_test_login_logout_TestLoginLogout/test_logout_from_pages[search_page]/html.txt">HTML</a> <a href="https://support.allizom.org/en-US/search">Failing URL</a> <a href="debug/tests_desktop_test_login_logout_TestLoginLogout/test_logout_from_pages[search_page]/screenshot.png">Screenshot</a> </td>
          <td class="debug">
            <div class="screenshot"><a href="debug/tests_desktop_test_login_logout_TestLoginLogout/test_logout_from_pages[search_page]/screenshot.png"><img src="debug/tests_desktop_test_login_logout_TestLoginLogout/test_logout_from_pages[search_page]/screenshot.png"/></a></div>
            <div class="log">self = &lt;tests.desktop.test_login_logout.TestLoginLogout instance at 0x3683998&gt;, mozwebqa = &lt;pytest_mozwebqa.pytest_mozwebqa.TestSetup instance at 0x3700998&gt;<br/>page_method = 'search_page'<br/><br/>    @pytest.mark.native<br/>    @pytest.mark.nondestructive<br/>    @pytest.mark.parametrize('page_method', ['home_page',<br/>                                             'new_question_page',<br/>                                             'questions_page',<br/>                                             'search_page',<br/>                                             'refine_search_page',<br/>                                             ])<br/>    def test_logout_from_pages(self, mozwebqa, page_method):<br/>        page_under_test = getattr(PageProvider(mozwebqa), page_method)(do_login=True, user='default')<br/>        Assert.true(page_under_test.header.is_user_logged_in, 'User not shown to be logged in')<br/>    <br/>        # sign out<br/>        signed_in_element = page_under_test.header.get_logged_in_element()<br/>&gt;       home_page = page_under_test.sign_out()<br/><br/>tests/desktop/test_login_logout.py:71: <br/>_ _ _ _ _ _ _ _ _ _ _ _ _ _ _ _ _ _ _ _ _ _ _ _ _ _ _ _ _ _ _ _ _ _ _ _ _ _ _ _ <br/><br/>self = &lt;pages.desktop.search_page.SearchPage object at 0x38ea090&gt;<br/><br/>    def sign_out(self):<br/>&gt;       self.header.click_logout()<br/><br/>pages/desktop/base.py:23: <br/>_ _ _ _ _ _ _ _ _ _ _ _ _ _ _ _ _ _ _ _ _ _ _ _ _ _ _ _ _ _ _ _ _ _ _ _ _ _ _ _ <br/><br/>self = &lt;pages.desktop.base.HeaderRegion object at 0x33e2cd0&gt;<br/><br/>    def click_logout(self):<br/>        ActionChains(self.selenium).move_to_element(<br/>                self.selenium.find_element(*self._account_dropdown_locator)<br/>            ).move_to_element(<br/>&gt;               self.selenium.find_element(*self._logout_locator)<br/><br/>pages/desktop/base.py:65: <br/>_ _ _ _ _ _ _ _ _ _ _ _ _ _ _ _ _ _ _ _ _ _ _ _ _ _ _ _ _ _ _ _ _ _ _ _ _ _ _ _ <br/><br/>self = &lt;selenium.webdriver.common.action_chains.ActionChains object at 0x38ea610&gt;<br/><br/>    def perform(self):<br/>        """<br/>            Performs all stored actions.<br/>            """<br/>        for action in self._actions:<br/>&gt;           action()<br/><br/>/usr/local/lib/python2.7/dist-packages/selenium-2.25.0-py2.7.egg/selenium/webdriver/common/action_chains.py:44: <br/>_ _ _ _ _ _ _ _ _ _ _ _ _ _ _ _ _ _ _ _ _ _ _ _ _ _ _ _ _ _ _ _ _ _ _ _ _ _ _ _ <br/><br/>    self._actions.append(lambda:<br/>&gt;       self._driver.execute(Command.CLICK, {'button': 0}))<br/><br/>/usr/local/lib/python2.7/dist-packages/selenium-2.25.0-py2.7.egg/selenium/webdriver/common/action_chains.py:56: <br/>_ _ _ _ _ _ _ _ _ _ _ _ _ _ _ _ _ _ _ _ _ _ _ _ _ _ _ _ _ _ _ _ _ _ _ _ _ _ _ _ <br/><br/>self = &lt;selenium.webdriver.firefox.webdriver.WebDriver object at 0x3726a10&gt;, driver_command = 'mouseClick'<br/>params = {'button': 0, 'sessionId': u'e6688a07-b688-4863-ac8c-922daca546ba'}<br/><br/>    def execute(self, driver_command, params=None):<br/>        """<br/>            Sends a command to be executed by a command.CommandExecutor.<br/>    <br/>            :Args:<br/>             - driver_command: The name of the command to execute as a string.<br/>             - params: A dictionary of named parameters to send with the command.<br/>    <br/>            :Returns:<br/>              The command's JSON response loaded into a dictionary object.<br/>            """<br/>        if not params:<br/>            params = {'sessionId': self.session_id}<br/>        elif 'sessionId' not in params:<br/>            params['sessionId'] = self.session_id<br/>    <br/>        params = self._wrap_value(params)<br/>        response = self.command_executor.execute(driver_command, params)<br/>        if response:<br/>&gt;           self.error_handler.check_response(response)<br/><br/>/usr/local/lib/python2.7/dist-packages/selenium-2.25.0-py2.7.egg/selenium/webdriver/remote/webdriver.py:156: <br/>_ _ _ _ _ _ _ _ _ _ _ _ _ _ _ _ _ _ _ _ _ _ _ _ _ _ _ _ _ _ _ _ _ _ _ _ _ _ _ _ <br/><br/>self = &lt;selenium.webdriver.remote.errorhandler.ErrorHandler object at 0x3726b90&gt;<br/>response = {u'name': u'mouseClick', u'sessionId': u'e6688a07-b688-4863-ac8c-922daca546ba', u'status': 11, u'value': {u'message': u'Element is not currently visible and so may not be interacted with'}}<br/><br/>    def check_response(self, response):<br/>        """<br/>            Checks that a JSON response from the WebDriver does not have an error.<br/>    <br/>            :Args:<br/>             - response - The JSON response from the WebDriver server as a dictionary<br/>               object.<br/>    <br/>            :Raises: If the response contains an error message.<br/>            """<br/>        status = response['status']<br/>        if status == ErrorCode.SUCCESS:<br/>            return<br/>        exception_class = ErrorInResponseException<br/>        if status == ErrorCode.NO_SUCH_ELEMENT:<br/>            exception_class = NoSuchElementException<br/>        elif status == ErrorCode.NO_SUCH_FRAME:<br/>            exception_class = NoSuchFrameException<br/>        elif status == ErrorCode.NO_SUCH_WINDOW:<br/>            exception_class = NoSuchWindowException<br/>        elif status == ErrorCode.STALE_ELEMENT_REFERENCE:<br/>            exception_class = StaleElementReferenceException<br/>        elif status == ErrorCode.ELEMENT_NOT_VISIBLE:<br/>            exception_class = ElementNotVisibleException<br/>        elif status == ErrorCode.INVALID_ELEMENT_STATE:<br/>            exception_class = InvalidElementStateException<br/>        elif status == ErrorCode.INVALID_SELECTOR \<br/>                or status == ErrorCode.INVALID_XPATH_SELECTOR \<br/>                or status == ErrorCode.INVALID_XPATH_SELECTOR_RETURN_TYPER:<br/>            exception_class = InvalidSelectorException<br/>        elif status == ErrorCode.ELEMENT_IS_NOT_SELECTABLE:<br/>            exception_class = ElementNotSelectableException<br/>        elif status == ErrorCode.INVALID_COOKIE_DOMAIN:<br/>            exception_class = WebDriverException<br/>        elif status == ErrorCode.UNABLE_TO_SET_COOKIE:<br/>            exception_class = WebDriverException<br/>        elif status == ErrorCode.TIMEOUT:<br/>            exception_class = TimeoutException<br/>        elif status == ErrorCode.SCRIPT_TIMEOUT:<br/>            exception_class = TimeoutException<br/>        elif status == ErrorCode.UNKNOWN_ERROR:<br/>            exception_class = WebDriverException<br/>        elif status == ErrorCode.NO_ALERT_OPEN:<br/>            exception_class = NoAlertPresentException<br/>        elif status == ErrorCode.IME_NOT_AVAILABLE:<br/>            exception_class = ImeNotAvailableException<br/>        elif status == ErrorCode.IME_ENGINE_ACTIVATION_FAILED:<br/>            exception_class = ImeActivationFailedException<br/>        else:<br/>            exception_class = WebDriverException<br/>        value = response['value']<br/>        if type(value) is str:<br/>            if exception_class == ErrorInResponseException:<br/>                raise exception_class(response, value)<br/>            raise exception_class(value)<br/>        message = ''<br/>        if 'message' in value:<br/>            message = value['message']<br/>    <br/>        screen = None<br/>        if 'screen' in value:<br/>            screen = value['screen']<br/>    <br/>        stacktrace = None<br/>        if 'stackTrace' in value and value['stackTrace']:<br/>            zeroeth = ''<br/>            try:<br/>                zeroeth = value['stackTrace'][0]<br/>            except:<br/>                pass<br/>            if zeroeth.has_key('methodName'):<br/>                stacktrace = "Method %s threw an error in %s" % \<br/>                    (zeroeth['methodName'],<br/>                    self._value_or_default(zeroeth, 'fileName', '[No file name]'))<br/>        if exception_class == ErrorInResponseException:<br/>            raise exception_class(response, message)<br/>&gt;       raise exception_class(message, screen, stacktrace)<br/><span class="error">E       ElementNotVisibleException: Message: u'Element is not currently visible and so may not be interacted with'</span><br/><br/>/usr/local/lib/python2.7/dist-packages/selenium-2.25.0-py2.7.egg/selenium/webdriver/remote/errorhandler.py:147: ElementNotVisibleException<br/></div></td></tr>
        <tr class="failed results-table-row">
          <td class="col-result">Failed</td>
          <td class="col-class">tests.desktop.test_login_logout.TestLoginLogout</td>
          <td class="col-name">test_logout_from_pages[refine_search_page]</td>
          <td class="col-duration">5.0</td>
          <td class="col-links"><a href="debug/tests_desktop_test_login_logout_TestLoginLogout/test_logout_from_pages[refine_search_page]/html.txt">HTML</a> <a href="https://support.allizom.org/en-US/search?a=2">Failing URL</a> <a href="debug/tests_desktop_test_login_logout_TestLoginLogout/test_logout_from_pages[refine_search_page]/screenshot.png">Screenshot</a> </td>
          <td class="debug">
            <div class="screenshot"><a href="debug/tests_desktop_test_login_logout_TestLoginLogout/test_logout_from_pages[refine_search_page]/screenshot.png"><img src="debug/tests_desktop_test_login_logout_TestLoginLogout/test_logout_from_pages[refine_search_page]/screenshot.png"/></a></div>
            <div class="log">self = &lt;tests.desktop.test_login_logout.TestLoginLogout instance at 0x37055a8&gt;, mozwebqa = &lt;pytest_mozwebqa.pytest_mozwebqa.TestSetup instance at 0x38ee320&gt;<br/>page_method = 'refine_search_page'<br/><br/>    @pytest.mark.native<br/>    @pytest.mark.nondestructive<br/>    @pytest.mark.parametrize('page_method', ['home_page',<br/>                                             'new_question_page',<br/>                                             'questions_page',<br/>                                             'search_page',<br/>                                             'refine_search_page',<br/>                                             ])<br/>    def test_logout_from_pages(self, mozwebqa, page_method):<br/>        page_under_test = getattr(PageProvider(mozwebqa), page_method)(do_login=True, user='default')<br/>        Assert.true(page_under_test.header.is_user_logged_in, 'User not shown to be logged in')<br/>    <br/>        # sign out<br/>        signed_in_element = page_under_test.header.get_logged_in_element()<br/>&gt;       home_page = page_under_test.sign_out()<br/><br/>tests/desktop/test_login_logout.py:71: <br/>_ _ _ _ _ _ _ _ _ _ _ _ _ _ _ _ _ _ _ _ _ _ _ _ _ _ _ _ _ _ _ _ _ _ _ _ _ _ _ _ <br/><br/>self = &lt;pages.desktop.refine_search_page.RefineSearchPage object at 0x390c550&gt;<br/><br/>    def sign_out(self):<br/>&gt;       self.header.click_logout()<br/><br/>pages/desktop/base.py:23: <br/>_ _ _ _ _ _ _ _ _ _ _ _ _ _ _ _ _ _ _ _ _ _ _ _ _ _ _ _ _ _ _ _ _ _ _ _ _ _ _ _ <br/><br/>self = &lt;pages.desktop.base.HeaderRegion object at 0x390ae50&gt;<br/><br/>    def click_logout(self):<br/>        ActionChains(self.selenium).move_to_element(<br/>                self.selenium.find_element(*self._account_dropdown_locator)<br/>            ).move_to_element(<br/>&gt;               self.selenium.find_element(*self._logout_locator)<br/><br/>pages/desktop/base.py:65: <br/>_ _ _ _ _ _ _ _ _ _ _ _ _ _ _ _ _ _ _ _ _ _ _ _ _ _ _ _ _ _ _ _ _ _ _ _ _ _ _ _ <br/><br/>self = &lt;selenium.webdriver.common.action_chains.ActionChains object at 0x390add0&gt;<br/><br/>    def perform(self):<br/>        """<br/>            Performs all stored actions.<br/>            """<br/>        for action in self._actions:<br/>&gt;           action()<br/><br/>/usr/local/lib/python2.7/dist-packages/selenium-2.25.0-py2.7.egg/selenium/webdriver/common/action_chains.py:44: <br/>_ _ _ _ _ _ _ _ _ _ _ _ _ _ _ _ _ _ _ _ _ _ _ _ _ _ _ _ _ _ _ _ _ _ _ _ _ _ _ _ <br/><br/>    self._actions.append(lambda:<br/>&gt;       self._driver.execute(Command.CLICK, {'button': 0}))<br/><br/>/usr/local/lib/python2.7/dist-packages/selenium-2.25.0-py2.7.egg/selenium/webdriver/common/action_chains.py:56: <br/>_ _ _ _ _ _ _ _ _ _ _ _ _ _ _ _ _ _ _ _ _ _ _ _ _ _ _ _ _ _ _ _ _ _ _ _ _ _ _ _ <br/><br/>self = &lt;selenium.webdriver.firefox.webdriver.WebDriver object at 0x390acd0&gt;, driver_command = 'mouseClick'<br/>params = {'button': 0, 'sessionId': u'779fd264-ee8d-48b5-8bd5-35c88ad7ce14'}<br/><br/>    def execute(self, driver_command, params=None):<br/>        """<br/>            Sends a command to be executed by a command.CommandExecutor.<br/>    <br/>            :Args:<br/>             - driver_command: The name of the command to execute as a string.<br/>             - params: A dictionary of named parameters to send with the command.<br/>    <br/>            :Returns:<br/>              The command's JSON response loaded into a dictionary object.<br/>            """<br/>        if not params:<br/>            params = {'sessionId': self.session_id}<br/>        elif 'sessionId' not in params:<br/>            params['sessionId'] = self.session_id<br/>    <br/>        params = self._wrap_value(params)<br/>        response = self.command_executor.execute(driver_command, params)<br/>        if response:<br/>&gt;           self.error_handler.check_response(response)<br/><br/>/usr/local/lib/python2.7/dist-packages/selenium-2.25.0-py2.7.egg/selenium/webdriver/remote/webdriver.py:156: <br/>_ _ _ _ _ _ _ _ _ _ _ _ _ _ _ _ _ _ _ _ _ _ _ _ _ _ _ _ _ _ _ _ _ _ _ _ _ _ _ _ <br/><br/>self = &lt;selenium.webdriver.remote.errorhandler.ErrorHandler object at 0x390c4d0&gt;<br/>response = {u'name': u'mouseClick', u'sessionId': u'779fd264-ee8d-48b5-8bd5-35c88ad7ce14', u'status': 11, u'value': {u'message': u'Element is not currently visible and so may not be interacted with'}}<br/><br/>    def check_response(self, response):<br/>        """<br/>            Checks that a JSON response from the WebDriver does not have an error.<br/>    <br/>            :Args:<br/>             - response - The JSON response from the WebDriver server as a dictionary<br/>               object.<br/>    <br/>            :Raises: If the response contains an error message.<br/>            """<br/>        status = response['status']<br/>        if status == ErrorCode.SUCCESS:<br/>            return<br/>        exception_class = ErrorInResponseException<br/>        if status == ErrorCode.NO_SUCH_ELEMENT:<br/>            exception_class = NoSuchElementException<br/>        elif status == ErrorCode.NO_SUCH_FRAME:<br/>            exception_class = NoSuchFrameException<br/>        elif status == ErrorCode.NO_SUCH_WINDOW:<br/>            exception_class = NoSuchWindowException<br/>        elif status == ErrorCode.STALE_ELEMENT_REFERENCE:<br/>            exception_class = StaleElementReferenceException<br/>        elif status == ErrorCode.ELEMENT_NOT_VISIBLE:<br/>            exception_class = ElementNotVisibleException<br/>        elif status == ErrorCode.INVALID_ELEMENT_STATE:<br/>            exception_class = InvalidElementStateException<br/>        elif status == ErrorCode.INVALID_SELECTOR \<br/>                or status == ErrorCode.INVALID_XPATH_SELECTOR \<br/>                or status == ErrorCode.INVALID_XPATH_SELECTOR_RETURN_TYPER:<br/>            exception_class = InvalidSelectorException<br/>        elif status == ErrorCode.ELEMENT_IS_NOT_SELECTABLE:<br/>            exception_class = ElementNotSelectableException<br/>        elif status == ErrorCode.INVALID_COOKIE_DOMAIN:<br/>            exception_class = WebDriverException<br/>        elif status == ErrorCode.UNABLE_TO_SET_COOKIE:<br/>            exception_class = WebDriverException<br/>        elif status == ErrorCode.TIMEOUT:<br/>            exception_class = TimeoutException<br/>        elif status == ErrorCode.SCRIPT_TIMEOUT:<br/>            exception_class = TimeoutException<br/>        elif status == ErrorCode.UNKNOWN_ERROR:<br/>            exception_class = WebDriverException<br/>        elif status == ErrorCode.NO_ALERT_OPEN:<br/>            exception_class = NoAlertPresentException<br/>        elif status == ErrorCode.IME_NOT_AVAILABLE:<br/>            exception_class = ImeNotAvailableException<br/>        elif status == ErrorCode.IME_ENGINE_ACTIVATION_FAILED:<br/>            exception_class = ImeActivationFailedException<br/>        else:<br/>            exception_class = WebDriverException<br/>        value = response['value']<br/>        if type(value) is str:<br/>            if exception_class == ErrorInResponseException:<br/>                raise exception_class(response, value)<br/>            raise exception_class(value)<br/>        message = ''<br/>        if 'message' in value:<br/>            message = value['message']<br/>    <br/>        screen = None<br/>        if 'screen' in value:<br/>            screen = value['screen']<br/>    <br/>        stacktrace = None<br/>        if 'stackTrace' in value and value['stackTrace']:<br/>            zeroeth = ''<br/>            try:<br/>                zeroeth = value['stackTrace'][0]<br/>            except:<br/>                pass<br/>            if zeroeth.has_key('methodName'):<br/>                stacktrace = "Method %s threw an error in %s" % \<br/>                    (zeroeth['methodName'],<br/>                    self._value_or_default(zeroeth, 'fileName', '[No file name]'))<br/>        if exception_class == ErrorInResponseException:<br/>            raise exception_class(response, message)<br/>&gt;       raise exception_class(message, screen, stacktrace)<br/><span class="error">E       ElementNotVisibleException: Message: u'Element is not currently visible and so may not be interacted with'</span><br/><br/>/usr/local/lib/python2.7/dist-packages/selenium-2.25.0-py2.7.egg/selenium/webdriver/remote/errorhandler.py:147: ElementNotVisibleException<br/></div></td></tr>
        <tr class="failed results-table-row">
          <td class="col-result">Failed</td>
          <td class="col-class">tests.desktop.test_questions.TestQuestions</td>
          <td class="col-name">test_that_questions_sorts_correctly_by_filter_equal_to_solved</td>
          <td class="col-duration">3.0</td>
          <td class="col-links"><a href="debug/tests_desktop_test_questions_TestQuestions/test_that_questions_sorts_correctly_by_filter_equal_to_solved/html.txt">HTML</a> <a href="https://support.allizom.org/en-US/questions">Failing URL</a> <a href="debug/tests_desktop_test_questions_TestQuestions/test_that_questions_sorts_correctly_by_filter_equal_to_solved/screenshot.png">Screenshot</a> </td>
          <td class="debug">
            <div class="screenshot"><a href="debug/tests_desktop_test_questions_TestQuestions/test_that_questions_sorts_correctly_by_filter_equal_to_solved/screenshot.png"><img src="debug/tests_desktop_test_questions_TestQuestions/test_that_questions_sorts_correctly_by_filter_equal_to_solved/screenshot.png"/></a></div>
            <div class="log">self = &lt;tests.desktop.test_questions.TestQuestions instance at 0x3570128&gt;, mozwebqa = &lt;pytest_mozwebqa.pytest_mozwebqa.TestSetup instance at 0x36fff38&gt;<br/><br/>    @pytest.mark.nondestructive<br/>    def test_that_questions_sorts_correctly_by_filter_equal_to_solved(self, mozwebqa):<br/>        """<br/>               Goes to the /questions page,<br/>               Verifies the sort filter=solved works<br/>            """<br/>        expected_sorted_text = "SOLVED"<br/>    <br/>        questions_page = PageProvider(mozwebqa).questions_page()<br/>        questions_page.click_to_expand_sort_and_filter_box()<br/>&gt;       Assert.true(questions_page.is_sort_and_filter_box_expanded)<br/><br/>tests/desktop/test_questions.py:45: <br/>_ _ _ _ _ _ _ _ _ _ _ _ _ _ _ _ _ _ _ _ _ _ _ _ _ _ _ _ _ _ _ _ _ _ _ _ _ _ _ _ <br/><br/>self = &lt;class unittestzero.Assert at 0x33e3d50&gt;, first = False, msg = None<br/><br/>    @classmethod<br/>    def true(self, first, msg=None):<br/>&gt;       assert first is True, msg<br/><span class="error">E       AssertionError: None</span><br/><br/>/usr/local/lib/python2.7/dist-packages/unittestzero.py:53: AssertionError<br/></div></td></tr>
        <tr class="failed results-table-row">
          <td class="col-result">Failed</td>
          <td class="col-class">tests.desktop.test_questions.TestQuestions</td>
          <td class="col-name">test_that_questions_sorts_correctly_by_filter_equal_to_no_replies</td>
          <td class="col-duration">3.0</td>
          <td class="col-links"><a href="debug/tests_desktop_test_questions_TestQuestions/test_that_questions_sorts_correctly_by_filter_equal_to_no_replies/html.txt">HTML</a> <a href="https://support.allizom.org/en-US/questions">Failing URL</a> <a href="debug/tests_desktop_test_questions_TestQuestions/test_that_questions_sorts_correctly_by_filter_equal_to_no_replies/screenshot.png">Screenshot</a> </td>
          <td class="debug">
            <div class="screenshot"><a href="debug/tests_desktop_test_questions_TestQuestions/test_that_questions_sorts_correctly_by_filter_equal_to_no_replies/screenshot.png"><img src="debug/tests_desktop_test_questions_TestQuestions/test_that_questions_sorts_correctly_by_filter_equal_to_no_replies/screenshot.png"/></a></div>
            <div class="log">self = &lt;tests.desktop.test_questions.TestQuestions instance at 0x3705e18&gt;, mozwebqa = &lt;pytest_mozwebqa.pytest_mozwebqa.TestSetup instance at 0x36ff3f8&gt;<br/><br/>    @pytest.mark.nondestructive<br/>    def test_that_questions_sorts_correctly_by_filter_equal_to_no_replies(self, mozwebqa):<br/>        """<br/>               Goes to the /questions page,<br/>               Verifies the sort filter=noreplies works<br/>            """<br/>        expected_sorted_text = "No replies"<br/>    <br/>        questions_page = PageProvider(mozwebqa).questions_page()<br/>        questions_page.click_to_expand_sort_and_filter_box()<br/>&gt;       Assert.true(questions_page.is_sort_and_filter_box_expanded)<br/><br/>tests/desktop/test_questions.py:66: <br/>_ _ _ _ _ _ _ _ _ _ _ _ _ _ _ _ _ _ _ _ _ _ _ _ _ _ _ _ _ _ _ _ _ _ _ _ _ _ _ _ <br/><br/>self = &lt;class unittestzero.Assert at 0x33e3d50&gt;, first = False, msg = None<br/><br/>    @classmethod<br/>    def true(self, first, msg=None):<br/>&gt;       assert first is True, msg<br/><span class="error">E       AssertionError: None</span><br/><br/>/usr/local/lib/python2.7/dist-packages/unittestzero.py:53: AssertionError<br/></div></td></tr>
        <tr class="skipped results-table-row">
          <td class="col-result">Skipped</td>
          <td class="col-class">tests.desktop.test_rewrites.TestRedirects</td>
          <td class="col-name">test_browser_redirect_to_sumo[/1/firefox/4.0/WINNT/en-US/firefox-help/-/en-US/products/firefox?as=u]</td>
          <td class="col-duration">0.0</td>
          <td class="col-links"></td>
          <td class="debug">
            <div class="log">('/home/bird/Dropbox/IT/AptanaWorkspace-MozWebQA2/sumo-tests/tests/desktop/test_rewrites.py', 21, 'Skipped: Only run re-write tests on prod.')<br/></div></td></tr>
        <tr class="skipped results-table-row">
          <td class="col-result">Skipped</td>
          <td class="col-class">tests.desktop.test_rewrites.TestRedirects</td>
          <td class="col-name">test_browser_redirect_to_sumo[/1/firefox/4.0/WINNT/en-US/firefox-f1/-/en-US/products/firefox?as=u]</td>
          <td class="col-duration">0.0</td>
          <td class="col-links"></td>
          <td class="debug">
            <div class="log">('/home/bird/Dropbox/IT/AptanaWorkspace-MozWebQA2/sumo-tests/tests/desktop/test_rewrites.py', 21, 'Skipped: Only run re-write tests on prod.')<br/></div></td></tr>
        <tr class="skipped results-table-row">
          <td class="col-result">Skipped</td>
          <td class="col-class">tests.desktop.test_rewrites.TestRedirects</td>
          <td class="col-name">test_browser_redirect_to_sumo[/1/firefox/4.0/WINNT/en-US/firefox-osxkey/-/en-US/products/firefox?as=u]</td>
          <td class="col-duration">0.0</td>
          <td class="col-links"></td>
          <td class="debug">
            <div class="log">('/home/bird/Dropbox/IT/AptanaWorkspace-MozWebQA2/sumo-tests/tests/desktop/test_rewrites.py', 21, 'Skipped: Only run re-write tests on prod.')<br/></div></td></tr>
        <tr class="skipped results-table-row">
          <td class="col-result">Skipped</td>
          <td class="col-class">tests.desktop.test_rewrites.TestRedirects</td>
          <td class="col-name">test_browser_redirect_to_sumo[/1/firefox/4.0/Darwin/en-US/firefox-help/-/en-US/products/firefox?as=u]</td>
          <td class="col-duration">0.0</td>
          <td class="col-links"></td>
          <td class="debug">
            <div class="log">('/home/bird/Dropbox/IT/AptanaWorkspace-MozWebQA2/sumo-tests/tests/desktop/test_rewrites.py', 21, 'Skipped: Only run re-write tests on prod.')<br/></div></td></tr>
        <tr class="skipped results-table-row">
          <td class="col-result">Skipped</td>
          <td class="col-class">tests.desktop.test_rewrites.TestRedirects</td>
          <td class="col-name">test_browser_redirect_to_sumo[/1/firefox/4.0/Darwin/en-US/firefox-f1/-/en-US/products/firefox?as=u]</td>
          <td class="col-duration">0.0</td>
          <td class="col-links"></td>
          <td class="debug">
            <div class="log">('/home/bird/Dropbox/IT/AptanaWorkspace-MozWebQA2/sumo-tests/tests/desktop/test_rewrites.py', 21, 'Skipped: Only run re-write tests on prod.')<br/></div></td></tr>
        <tr class="skipped results-table-row">
          <td class="col-result">Skipped</td>
          <td class="col-class">tests.desktop.test_rewrites.TestRedirects</td>
          <td class="col-name">test_browser_redirect_to_sumo[/1/firefox/4.0/Darwin/en-US/firefox-osxkey/-/en-US/products/firefox?as=u]</td>
          <td class="col-duration">0.0</td>
          <td class="col-links"></td>
          <td class="debug">
            <div class="log">('/home/bird/Dropbox/IT/AptanaWorkspace-MozWebQA2/sumo-tests/tests/desktop/test_rewrites.py', 21, 'Skipped: Only run re-write tests on prod.')<br/></div></td></tr>
        <tr class="skipped results-table-row">
          <td class="col-result">Skipped</td>
          <td class="col-class">tests.desktop.test_rewrites.TestRedirects</td>
          <td class="col-name">test_browser_redirect_to_sumo[/1/firefox/4.0/Linux/en-US/firefox-help/-/en-US/products/firefox?as=u]</td>
          <td class="col-duration">0.0</td>
          <td class="col-links"></td>
          <td class="debug">
            <div class="log">('/home/bird/Dropbox/IT/AptanaWorkspace-MozWebQA2/sumo-tests/tests/desktop/test_rewrites.py', 21, 'Skipped: Only run re-write tests on prod.')<br/></div></td></tr>
        <tr class="skipped results-table-row">
          <td class="col-result">Skipped</td>
          <td class="col-class">tests.desktop.test_rewrites.TestRedirects</td>
          <td class="col-name">test_browser_redirect_to_sumo[/1/firefox/4.0/Linux/en-US/firefox-f1/-/en-US/products/firefox?as=u]</td>
          <td class="col-duration">0.0</td>
          <td class="col-links"></td>
          <td class="debug">
            <div class="log">('/home/bird/Dropbox/IT/AptanaWorkspace-MozWebQA2/sumo-tests/tests/desktop/test_rewrites.py', 21, 'Skipped: Only run re-write tests on prod.')<br/></div></td></tr>
        <tr class="skipped results-table-row">
          <td class="col-result">Skipped</td>
          <td class="col-class">tests.desktop.test_rewrites.TestRedirects</td>
          <td class="col-name">test_browser_redirect_to_sumo[/1/firefox/4.0/Linux/en-US/firefox-osxkey/-/en-US/products/firefox?as=u]</td>
          <td class="col-duration">0.0</td>
          <td class="col-links"></td>
          <td class="debug">
            <div class="log">('/home/bird/Dropbox/IT/AptanaWorkspace-MozWebQA2/sumo-tests/tests/desktop/test_rewrites.py', 21, 'Skipped: Only run re-write tests on prod.')<br/></div></td></tr>
        <tr class="skipped results-table-row">
          <td class="col-result">Skipped</td>
          <td class="col-class">tests.desktop.test_rewrites.TestRedirects</td>
          <td class="col-name">test_kb_redirects_status_ok[/1/firefox/4.0/WINNT/en-US/prefs-main/]</td>
          <td class="col-duration">0.0</td>
          <td class="col-links"></td>
          <td class="debug">
            <div class="log">('/home/bird/Dropbox/IT/AptanaWorkspace-MozWebQA2/sumo-tests/tests/desktop/test_rewrites.py', 21, 'Skipped: Only run re-write tests on prod.')<br/></div></td></tr>
        <tr class="skipped results-table-row">
          <td class="col-result">Skipped</td>
          <td class="col-class">tests.desktop.test_rewrites.TestRedirects</td>
          <td class="col-name">test_kb_redirects_status_ok[/1/firefox/4.0/Darwin/en-US/prefs-main/]</td>
          <td class="col-duration">0.0</td>
          <td class="col-links"></td>
          <td class="debug">
            <div class="log">('/home/bird/Dropbox/IT/AptanaWorkspace-MozWebQA2/sumo-tests/tests/desktop/test_rewrites.py', 21, 'Skipped: Only run re-write tests on prod.')<br/></div></td></tr>
        <tr class="skipped results-table-row">
          <td class="col-result">Skipped</td>
          <td class="col-class">tests.desktop.test_rewrites.TestRedirects</td>
          <td class="col-name">test_kb_redirects_status_ok[/1/firefox/4.0/Linux/en-US/prefs-main/]</td>
          <td class="col-duration">0.0</td>
          <td class="col-links"></td>
          <td class="debug">
            <div class="log">('/home/bird/Dropbox/IT/AptanaWorkspace-MozWebQA2/sumo-tests/tests/desktop/test_rewrites.py', 21, 'Skipped: Only run re-write tests on prod.')<br/></div></td></tr>
        <tr class="skipped results-table-row">
          <td class="col-result">Skipped</td>
          <td class="col-class">tests.desktop.test_rewrites.TestRedirects</td>
          <td class="col-name">test_kb_redirects_status_ok[/1/firefox/4.0/WINNT/en-US/prefs-clear-private-data/]</td>
          <td class="col-duration">0.0</td>
          <td class="col-links"></td>
          <td class="debug">
            <div class="log">('/home/bird/Dropbox/IT/AptanaWorkspace-MozWebQA2/sumo-tests/tests/desktop/test_rewrites.py', 21, 'Skipped: Only run re-write tests on prod.')<br/></div></td></tr>
        <tr class="skipped results-table-row">
          <td class="col-result">Skipped</td>
          <td class="col-class">tests.desktop.test_rewrites.TestRedirects</td>
          <td class="col-name">test_kb_redirects_status_ok[/1/firefox/4.0/Darwin/en-US/prefs-clear-private-data/]</td>
          <td class="col-duration">0.0</td>
          <td class="col-links"></td>
          <td class="debug">
            <div class="log">('/home/bird/Dropbox/IT/AptanaWorkspace-MozWebQA2/sumo-tests/tests/desktop/test_rewrites.py', 21, 'Skipped: Only run re-write tests on prod.')<br/></div></td></tr>
        <tr class="skipped results-table-row">
          <td class="col-result">Skipped</td>
          <td class="col-class">tests.desktop.test_rewrites.TestRedirects</td>
          <td class="col-name">test_kb_redirects_status_ok[/1/firefox/4.0/Linux/en-US/prefs-clear-private-data/]</td>
          <td class="col-duration">0.0</td>
          <td class="col-links"></td>
          <td class="debug">
            <div class="log">('/home/bird/Dropbox/IT/AptanaWorkspace-MozWebQA2/sumo-tests/tests/desktop/test_rewrites.py', 21, 'Skipped: Only run re-write tests on prod.')<br/></div></td></tr>
        <tr class="skipped results-table-row">
          <td class="col-result">Skipped</td>
          <td class="col-class">tests.desktop.test_rewrites.TestRedirects</td>
          <td class="col-name">test_kb_redirects_status_ok[/1/firefox/4.0/WINNT/en-US/prefs-fonts-and-colors/]</td>
          <td class="col-duration">0.0</td>
          <td class="col-links"></td>
          <td class="debug">
            <div class="log">('/home/bird/Dropbox/IT/AptanaWorkspace-MozWebQA2/sumo-tests/tests/desktop/test_rewrites.py', 21, 'Skipped: Only run re-write tests on prod.')<br/></div></td></tr>
        <tr class="skipped results-table-row">
          <td class="col-result">Skipped</td>
          <td class="col-class">tests.desktop.test_rewrites.TestRedirects</td>
          <td class="col-name">test_old_mobile_redirects[/1/mobile/4.0/android/en-US/firefox-help-/en-US/products/mobile]</td>
          <td class="col-duration">0.0</td>
          <td class="col-links"></td>
          <td class="debug">
            <div class="log">('/home/bird/Dropbox/IT/AptanaWorkspace-MozWebQA2/sumo-tests/tests/desktop/test_rewrites.py', 21, 'Skipped: Only run re-write tests on prod.')<br/></div></td></tr>
        <tr class="skipped results-table-row">
          <td class="col-result">Skipped</td>
          <td class="col-class">tests.desktop.test_rewrites.TestRedirects</td>
          <td class="col-name">test_old_mobile_redirects[/1/mobile/4.0/iphone/en-US/firefox-help-/en-US/products/mobile]</td>
          <td class="col-duration">0.0</td>
          <td class="col-links"></td>
          <td class="debug">
            <div class="log">('/home/bird/Dropbox/IT/AptanaWorkspace-MozWebQA2/sumo-tests/tests/desktop/test_rewrites.py', 21, 'Skipped: Only run re-write tests on prod.')<br/></div></td></tr>
        <tr class="skipped results-table-row">
          <td class="col-result">Skipped</td>
          <td class="col-class">tests.desktop.test_rewrites.TestRedirects</td>
          <td class="col-name">test_old_mobile_redirects[/1/mobile/4.0/nokia/en-US/firefox-help-/en-US/products/mobile]</td>
          <td class="col-duration">0.0</td>
          <td class="col-links"></td>
          <td class="debug">
            <div class="log">('/home/bird/Dropbox/IT/AptanaWorkspace-MozWebQA2/sumo-tests/tests/desktop/test_rewrites.py', 21, 'Skipped: Only run re-write tests on prod.')<br/></div></td></tr>
        <tr class="skipped results-table-row">
          <td class="col-result">Skipped</td>
          <td class="col-class">tests.desktop.test_rewrites.TestRedirects</td>
          <td class="col-name">test_iphone_kb_redirects_status_ok[/1/firefox-home/4.0/iPhone/en-US]</td>
          <td class="col-duration">0.0</td>
          <td class="col-links"></td>
          <td class="debug">
            <div class="log">('/home/bird/Dropbox/IT/AptanaWorkspace-MozWebQA2/sumo-tests/tests/desktop/test_rewrites.py', 21, 'Skipped: Only run re-write tests on prod.')<br/></div></td></tr>
        <tr class="skipped results-table-row">
          <td class="col-result">Skipped</td>
          <td class="col-class">tests.desktop.test_rewrites.TestRedirects</td>
          <td class="col-name">test_iphone_kb_redirects_status_ok[/1/firefox-home/4.0/iPhone/en-US/log-in]</td>
          <td class="col-duration">0.0</td>
          <td class="col-links"></td>
          <td class="debug">
            <div class="log">('/home/bird/Dropbox/IT/AptanaWorkspace-MozWebQA2/sumo-tests/tests/desktop/test_rewrites.py', 21, 'Skipped: Only run re-write tests on prod.')<br/></div></td></tr>
        <tr class="xpassed results-table-row">
          <td class="col-result">XPassed</td>
          <td class="col-class">tests.desktop.test_search.TestSearch</td>
          <td class="col-name">test_no_query_adv_forum_search</td>
          <td class="col-duration">6.0</td>
          <td class="col-links"></td>
          <td class="debug"></td></tr>
        <tr class="passed results-table-row">
          <td class="col-result">Passed</td>
          <td class="col-class">tests.desktop.test_search.TestSearch</td>
          <td class="col-name">test_search_returns_either_term</td>
          <td class="col-duration">4.0</td>
          <td class="col-links"></td>
          <td class="debug"></td></tr></tbody></table></body></html>